<?xml version="1.0" encoding="UTF-8"?>
<!-- Generated by org.testng.reporters.JUnitReportReporter -->
<testsuite hostname="INHYLSAICHARANN" name="practice.test.NewTest" tests="1" failures="0" timestamp="20 Aug 2019 10:24:09 GMT" time="10.424" errors="0">
  <testcase name="verifyHomepageTitle" time="10.424" classname="practice.test.NewTest"/>
</testsuite> <!-- practice.test.NewTest -->
